This file contains any messages produced by compilers while
running configure, to aid debugging if configure makes a mistake.

It was created by macsad configure 0.2, which was
generated by GNU Autoconf 2.69.  Invocation command line was

  $ ./configure 

## --------- ##
## Platform. ##
## --------- ##

hostname = india
uname -m = x86_64
uname -r = 4.4.0-112-generic
uname -s = Linux
uname -v = #135-Ubuntu SMP Fri Jan 19 11:48:36 UTC 2018

/usr/bin/uname -p = unknown
/bin/uname -X     = unknown

/bin/arch              = unknown
/usr/bin/arch -k       = unknown
/usr/convex/getsysinfo = unknown
/usr/bin/hostinfo      = unknown
/bin/machine           = unknown
/usr/bin/oslevel       = unknown
/bin/universe          = unknown

PATH: /usr/local/sbin
PATH: /usr/local/bin
PATH: /usr/sbin
PATH: /usr/bin
PATH: /sbin
PATH: /bin
PATH: /usr/games
PATH: /usr/local/games
PATH: /snap/bin


## ----------- ##
## Core tests. ##
## ----------- ##

configure:2627: checking for a BSD-compatible install
configure:2695: result: /usr/bin/install -c
configure:2706: checking whether build environment is sane
configure:2761: result: yes
configure:2912: checking for a thread-safe mkdir -p
configure:2951: result: /bin/mkdir -p
configure:2958: checking for gawk
configure:2974: found /usr/bin/gawk
configure:2985: result: gawk
configure:2996: checking whether make sets $(MAKE)
configure:3018: result: yes
configure:3047: checking whether make supports nested variables
configure:3064: result: yes
configure:3243: checking for gcc
configure:3259: found /usr/bin/gcc
configure:3270: result: gcc
configure:3499: checking for C compiler version
configure:3508: gcc --version >&5
gcc (Ubuntu 5.4.0-6ubuntu1~16.04.9) 5.4.0 20160609
Copyright (C) 2015 Free Software Foundation, Inc.
This is free software; see the source for copying conditions.  There is NO
warranty; not even for MERCHANTABILITY or FITNESS FOR A PARTICULAR PURPOSE.

configure:3519: $? = 0
configure:3508: gcc -v >&5
Using built-in specs.
COLLECT_GCC=gcc
COLLECT_LTO_WRAPPER=/usr/lib/gcc/x86_64-linux-gnu/5/lto-wrapper
Target: x86_64-linux-gnu
Configured with: ../src/configure -v --with-pkgversion='Ubuntu 5.4.0-6ubuntu1~16.04.9' --with-bugurl=file:///usr/share/doc/gcc-5/README.Bugs --enable-languages=c,ada,c++,java,go,d,fortran,objc,obj-c++ --prefix=/usr --program-suffix=-5 --enable-shared --enable-linker-build-id --libexecdir=/usr/lib --without-included-gettext --enable-threads=posix --libdir=/usr/lib --enable-nls --with-sysroot=/ --enable-clocale=gnu --enable-libstdcxx-debug --enable-libstdcxx-time=yes --with-default-libstdcxx-abi=new --enable-gnu-unique-object --disable-vtable-verify --enable-libmpx --enable-plugin --with-system-zlib --disable-browser-plugin --enable-java-awt=gtk --enable-gtk-cairo --with-java-home=/usr/lib/jvm/java-1.5.0-gcj-5-amd64/jre --enable-java-home --with-jvm-root-dir=/usr/lib/jvm/java-1.5.0-gcj-5-amd64 --with-jvm-jar-dir=/usr/lib/jvm-exports/java-1.5.0-gcj-5-amd64 --with-arch-directory=amd64 --with-ecj-jar=/usr/share/java/eclipse-ecj.jar --enable-objc-gc --enable-multiarch --disable-werror --with-arch-32=i686 --with-abi=m64 --with-multilib-list=m32,m64,mx32 --enable-multilib --with-tune=generic --enable-checking=release --build=x86_64-linux-gnu --host=x86_64-linux-gnu --target=x86_64-linux-gnu
Thread model: posix
gcc version 5.4.0 20160609 (Ubuntu 5.4.0-6ubuntu1~16.04.9) 
configure:3519: $? = 0
configure:3508: gcc -V >&5
gcc: error: unrecognized command line option '-V'
gcc: fatal error: no input files
compilation terminated.
configure:3519: $? = 1
configure:3508: gcc -qversion >&5
gcc: error: unrecognized command line option '-qversion'
gcc: fatal error: no input files
compilation terminated.
configure:3519: $? = 1
configure:3539: checking whether the C compiler works
configure:3561: gcc  -I/root/pktio/dpdk17.08/x86_64-native-linuxapp-gcc/include -I/root/pktio/dpdk17.08/x86_64-native-linuxapp-gcc/include -I/root/pktio/dpdk17.08/x86_64-native-linuxapp-gcc/include   conftest.c  >&5
configure:3565: $? = 0
configure:3613: result: yes
configure:3616: checking for C compiler default output file name
configure:3618: result: a.out
configure:3624: checking for suffix of executables
configure:3631: gcc -o conftest  -I/root/pktio/dpdk17.08/x86_64-native-linuxapp-gcc/include -I/root/pktio/dpdk17.08/x86_64-native-linuxapp-gcc/include -I/root/pktio/dpdk17.08/x86_64-native-linuxapp-gcc/include   conftest.c  >&5
configure:3635: $? = 0
configure:3657: result: 
configure:3679: checking whether we are cross compiling
configure:3687: gcc -o conftest  -I/root/pktio/dpdk17.08/x86_64-native-linuxapp-gcc/include -I/root/pktio/dpdk17.08/x86_64-native-linuxapp-gcc/include -I/root/pktio/dpdk17.08/x86_64-native-linuxapp-gcc/include   conftest.c  >&5
configure:3691: $? = 0
configure:3698: ./conftest
configure:3702: $? = 0
configure:3717: result: no
configure:3722: checking for suffix of object files
configure:3744: gcc -c  -I/root/pktio/dpdk17.08/x86_64-native-linuxapp-gcc/include -I/root/pktio/dpdk17.08/x86_64-native-linuxapp-gcc/include -I/root/pktio/dpdk17.08/x86_64-native-linuxapp-gcc/include  conftest.c >&5
configure:3748: $? = 0
configure:3769: result: o
configure:3773: checking whether we are using the GNU C compiler
configure:3792: gcc -c  -I/root/pktio/dpdk17.08/x86_64-native-linuxapp-gcc/include -I/root/pktio/dpdk17.08/x86_64-native-linuxapp-gcc/include -I/root/pktio/dpdk17.08/x86_64-native-linuxapp-gcc/include  conftest.c >&5
configure:3792: $? = 0
configure:3801: result: yes
configure:3810: checking whether gcc accepts -g
configure:3830: gcc -c -g  conftest.c >&5
configure:3830: $? = 0
configure:3871: result: yes
configure:3888: checking for gcc option to accept ISO C89
configure:3951: gcc  -c  -I/root/pktio/dpdk17.08/x86_64-native-linuxapp-gcc/include -I/root/pktio/dpdk17.08/x86_64-native-linuxapp-gcc/include -I/root/pktio/dpdk17.08/x86_64-native-linuxapp-gcc/include  conftest.c >&5
configure:3951: $? = 0
configure:3964: result: none needed
configure:3989: checking whether gcc understands -c and -o together
configure:4011: gcc -c conftest.c -o conftest2.o
configure:4014: $? = 0
configure:4011: gcc -c conftest.c -o conftest2.o
configure:4014: $? = 0
configure:4026: result: yes
configure:4054: checking for style of include used by make
configure:4082: result: GNU
configure:4108: checking dependency style of gcc
configure:4219: result: gcc3
configure:4240: checking for malloc
configure:4240: gcc -o conftest  -I/root/pktio/dpdk17.08/x86_64-native-linuxapp-gcc/include -I/root/pktio/dpdk17.08/x86_64-native-linuxapp-gcc/include -I/root/pktio/dpdk17.08/x86_64-native-linuxapp-gcc/include   conftest.c  >&5
conftest.c:34:6: warning: conflicting types for built-in function 'malloc'
 char malloc ();
      ^
configure:4240: $? = 0
configure:4240: result: yes
configure:4240: checking for memset
configure:4240: gcc -o conftest  -I/root/pktio/dpdk17.08/x86_64-native-linuxapp-gcc/include -I/root/pktio/dpdk17.08/x86_64-native-linuxapp-gcc/include -I/root/pktio/dpdk17.08/x86_64-native-linuxapp-gcc/include   conftest.c  >&5
conftest.c:35:6: warning: conflicting types for built-in function 'memset'
 char memset ();
      ^
configure:4240: $? = 0
configure:4240: result: yes
configure:4240: checking for socket
configure:4240: gcc -o conftest  -I/root/pktio/dpdk17.08/x86_64-native-linuxapp-gcc/include -I/root/pktio/dpdk17.08/x86_64-native-linuxapp-gcc/include -I/root/pktio/dpdk17.08/x86_64-native-linuxapp-gcc/include   conftest.c  >&5
configure:4240: $? = 0
configure:4240: result: yes
configure:4256: checking how to run the C preprocessor
configure:4287: gcc -E  conftest.c
configure:4287: $? = 0
configure:4301: gcc -E  conftest.c
conftest.c:14:28: fatal error: ac_nonexistent.h: No such file or directory
compilation terminated.
configure:4301: $? = 1
configure: failed program was:
| /* confdefs.h */
| #define PACKAGE_NAME "macsad"
| #define PACKAGE_TARNAME "macsad"
| #define PACKAGE_VERSION "0.2"
| #define PACKAGE_STRING "macsad 0.2"
| #define PACKAGE_BUGREPORT ""
| #define PACKAGE_URL ""
| #define PACKAGE "macsad"
| #define VERSION "0.2"
| #define HAVE_MALLOC 1
| #define HAVE_MEMSET 1
| #define HAVE_SOCKET 1
| /* end confdefs.h.  */
| #include <ac_nonexistent.h>
configure:4326: result: gcc -E
configure:4346: gcc -E  conftest.c
configure:4346: $? = 0
configure:4360: gcc -E  conftest.c
conftest.c:14:28: fatal error: ac_nonexistent.h: No such file or directory
compilation terminated.
configure:4360: $? = 1
configure: failed program was:
| /* confdefs.h */
| #define PACKAGE_NAME "macsad"
| #define PACKAGE_TARNAME "macsad"
| #define PACKAGE_VERSION "0.2"
| #define PACKAGE_STRING "macsad 0.2"
| #define PACKAGE_BUGREPORT ""
| #define PACKAGE_URL ""
| #define PACKAGE "macsad"
| #define VERSION "0.2"
| #define HAVE_MALLOC 1
| #define HAVE_MEMSET 1
| #define HAVE_SOCKET 1
| /* end confdefs.h.  */
| #include <ac_nonexistent.h>
configure:4389: checking for grep that handles long lines and -e
configure:4447: result: /bin/grep
configure:4452: checking for egrep
configure:4514: result: /bin/grep -E
configure:4519: checking for ANSI C header files
configure:4539: gcc -c  -I/root/pktio/dpdk17.08/x86_64-native-linuxapp-gcc/include -I/root/pktio/dpdk17.08/x86_64-native-linuxapp-gcc/include -I/root/pktio/dpdk17.08/x86_64-native-linuxapp-gcc/include  conftest.c >&5
configure:4539: $? = 0
configure:4612: gcc -o conftest  -I/root/pktio/dpdk17.08/x86_64-native-linuxapp-gcc/include -I/root/pktio/dpdk17.08/x86_64-native-linuxapp-gcc/include -I/root/pktio/dpdk17.08/x86_64-native-linuxapp-gcc/include   conftest.c  >&5
configure:4612: $? = 0
configure:4612: ./conftest
configure:4612: $? = 0
configure:4623: result: yes
configure:4636: checking for sys/types.h
configure:4636: gcc -c  -I/root/pktio/dpdk17.08/x86_64-native-linuxapp-gcc/include -I/root/pktio/dpdk17.08/x86_64-native-linuxapp-gcc/include -I/root/pktio/dpdk17.08/x86_64-native-linuxapp-gcc/include  conftest.c >&5
configure:4636: $? = 0
configure:4636: result: yes
configure:4636: checking for sys/stat.h
configure:4636: gcc -c  -I/root/pktio/dpdk17.08/x86_64-native-linuxapp-gcc/include -I/root/pktio/dpdk17.08/x86_64-native-linuxapp-gcc/include -I/root/pktio/dpdk17.08/x86_64-native-linuxapp-gcc/include  conftest.c >&5
configure:4636: $? = 0
configure:4636: result: yes
configure:4636: checking for stdlib.h
configure:4636: gcc -c  -I/root/pktio/dpdk17.08/x86_64-native-linuxapp-gcc/include -I/root/pktio/dpdk17.08/x86_64-native-linuxapp-gcc/include -I/root/pktio/dpdk17.08/x86_64-native-linuxapp-gcc/include  conftest.c >&5
configure:4636: $? = 0
configure:4636: result: yes
configure:4636: checking for string.h
configure:4636: gcc -c  -I/root/pktio/dpdk17.08/x86_64-native-linuxapp-gcc/include -I/root/pktio/dpdk17.08/x86_64-native-linuxapp-gcc/include -I/root/pktio/dpdk17.08/x86_64-native-linuxapp-gcc/include  conftest.c >&5
configure:4636: $? = 0
configure:4636: result: yes
configure:4636: checking for memory.h
configure:4636: gcc -c  -I/root/pktio/dpdk17.08/x86_64-native-linuxapp-gcc/include -I/root/pktio/dpdk17.08/x86_64-native-linuxapp-gcc/include -I/root/pktio/dpdk17.08/x86_64-native-linuxapp-gcc/include  conftest.c >&5
configure:4636: $? = 0
configure:4636: result: yes
configure:4636: checking for strings.h
configure:4636: gcc -c  -I/root/pktio/dpdk17.08/x86_64-native-linuxapp-gcc/include -I/root/pktio/dpdk17.08/x86_64-native-linuxapp-gcc/include -I/root/pktio/dpdk17.08/x86_64-native-linuxapp-gcc/include  conftest.c >&5
configure:4636: $? = 0
configure:4636: result: yes
configure:4636: checking for inttypes.h
configure:4636: gcc -c  -I/root/pktio/dpdk17.08/x86_64-native-linuxapp-gcc/include -I/root/pktio/dpdk17.08/x86_64-native-linuxapp-gcc/include -I/root/pktio/dpdk17.08/x86_64-native-linuxapp-gcc/include  conftest.c >&5
configure:4636: $? = 0
configure:4636: result: yes
configure:4636: checking for stdint.h
configure:4636: gcc -c  -I/root/pktio/dpdk17.08/x86_64-native-linuxapp-gcc/include -I/root/pktio/dpdk17.08/x86_64-native-linuxapp-gcc/include -I/root/pktio/dpdk17.08/x86_64-native-linuxapp-gcc/include  conftest.c >&5
configure:4636: $? = 0
configure:4636: result: yes
configure:4636: checking for unistd.h
configure:4636: gcc -c  -I/root/pktio/dpdk17.08/x86_64-native-linuxapp-gcc/include -I/root/pktio/dpdk17.08/x86_64-native-linuxapp-gcc/include -I/root/pktio/dpdk17.08/x86_64-native-linuxapp-gcc/include  conftest.c >&5
configure:4636: $? = 0
configure:4636: result: yes
configure:4651: checking for stdint.h
configure:4651: result: yes
configure:4651: checking for stdlib.h
configure:4651: result: yes
configure:4663: checking for stdbool.h that conforms to C99
configure:4730: gcc -c  -I/root/pktio/dpdk17.08/x86_64-native-linuxapp-gcc/include -I/root/pktio/dpdk17.08/x86_64-native-linuxapp-gcc/include -I/root/pktio/dpdk17.08/x86_64-native-linuxapp-gcc/include  conftest.c >&5
configure:4730: $? = 0
configure:4737: result: yes
configure:4739: checking for _Bool
configure:4739: gcc -c  -I/root/pktio/dpdk17.08/x86_64-native-linuxapp-gcc/include -I/root/pktio/dpdk17.08/x86_64-native-linuxapp-gcc/include -I/root/pktio/dpdk17.08/x86_64-native-linuxapp-gcc/include  conftest.c >&5
configure:4739: $? = 0
configure:4739: gcc -c  -I/root/pktio/dpdk17.08/x86_64-native-linuxapp-gcc/include -I/root/pktio/dpdk17.08/x86_64-native-linuxapp-gcc/include -I/root/pktio/dpdk17.08/x86_64-native-linuxapp-gcc/include  conftest.c >&5
conftest.c: In function 'main':
conftest.c:62:20: error: expected expression before ')' token
 if (sizeof ((_Bool)))
                    ^
configure:4739: $? = 1
configure: failed program was:
| /* confdefs.h */
| #define PACKAGE_NAME "macsad"
| #define PACKAGE_TARNAME "macsad"
| #define PACKAGE_VERSION "0.2"
| #define PACKAGE_STRING "macsad 0.2"
| #define PACKAGE_BUGREPORT ""
| #define PACKAGE_URL ""
| #define PACKAGE "macsad"
| #define VERSION "0.2"
| #define HAVE_MALLOC 1
| #define HAVE_MEMSET 1
| #define HAVE_SOCKET 1
| #define STDC_HEADERS 1
| #define HAVE_SYS_TYPES_H 1
| #define HAVE_SYS_STAT_H 1
| #define HAVE_STDLIB_H 1
| #define HAVE_STRING_H 1
| #define HAVE_MEMORY_H 1
| #define HAVE_STRINGS_H 1
| #define HAVE_INTTYPES_H 1
| #define HAVE_STDINT_H 1
| #define HAVE_UNISTD_H 1
| #define HAVE_STDINT_H 1
| #define HAVE_STDLIB_H 1
| /* end confdefs.h.  */
| #include <stdio.h>
| #ifdef HAVE_SYS_TYPES_H
| # include <sys/types.h>
| #endif
| #ifdef HAVE_SYS_STAT_H
| # include <sys/stat.h>
| #endif
| #ifdef STDC_HEADERS
| # include <stdlib.h>
| # include <stddef.h>
| #else
| # ifdef HAVE_STDLIB_H
| #  include <stdlib.h>
| # endif
| #endif
| #ifdef HAVE_STRING_H
| # if !defined STDC_HEADERS && defined HAVE_MEMORY_H
| #  include <memory.h>
| # endif
| # include <string.h>
| #endif
| #ifdef HAVE_STRINGS_H
| # include <strings.h>
| #endif
| #ifdef HAVE_INTTYPES_H
| # include <inttypes.h>
| #endif
| #ifdef HAVE_STDINT_H
| # include <stdint.h>
| #endif
| #ifdef HAVE_UNISTD_H
| # include <unistd.h>
| #endif
| int
| main ()
| {
| if (sizeof ((_Bool)))
| 	    return 0;
|   ;
|   return 0;
| }
configure:4739: result: yes
configure:4756: checking for inline
configure:4772: gcc -c  -I/root/pktio/dpdk17.08/x86_64-native-linuxapp-gcc/include -I/root/pktio/dpdk17.08/x86_64-native-linuxapp-gcc/include -I/root/pktio/dpdk17.08/x86_64-native-linuxapp-gcc/include  conftest.c >&5
configure:4772: $? = 0
configure:4780: result: inline
configure:4798: checking for size_t
configure:4798: gcc -c  -I/root/pktio/dpdk17.08/x86_64-native-linuxapp-gcc/include -I/root/pktio/dpdk17.08/x86_64-native-linuxapp-gcc/include -I/root/pktio/dpdk17.08/x86_64-native-linuxapp-gcc/include  conftest.c >&5
configure:4798: $? = 0
configure:4798: gcc -c  -I/root/pktio/dpdk17.08/x86_64-native-linuxapp-gcc/include -I/root/pktio/dpdk17.08/x86_64-native-linuxapp-gcc/include -I/root/pktio/dpdk17.08/x86_64-native-linuxapp-gcc/include  conftest.c >&5
conftest.c: In function 'main':
conftest.c:64:21: error: expected expression before ')' token
 if (sizeof ((size_t)))
                     ^
configure:4798: $? = 1
configure: failed program was:
| /* confdefs.h */
| #define PACKAGE_NAME "macsad"
| #define PACKAGE_TARNAME "macsad"
| #define PACKAGE_VERSION "0.2"
| #define PACKAGE_STRING "macsad 0.2"
| #define PACKAGE_BUGREPORT ""
| #define PACKAGE_URL ""
| #define PACKAGE "macsad"
| #define VERSION "0.2"
| #define HAVE_MALLOC 1
| #define HAVE_MEMSET 1
| #define HAVE_SOCKET 1
| #define STDC_HEADERS 1
| #define HAVE_SYS_TYPES_H 1
| #define HAVE_SYS_STAT_H 1
| #define HAVE_STDLIB_H 1
| #define HAVE_STRING_H 1
| #define HAVE_MEMORY_H 1
| #define HAVE_STRINGS_H 1
| #define HAVE_INTTYPES_H 1
| #define HAVE_STDINT_H 1
| #define HAVE_UNISTD_H 1
| #define HAVE_STDINT_H 1
| #define HAVE_STDLIB_H 1
| #define HAVE__BOOL 1
| #define HAVE_STDBOOL_H 1
| /* end confdefs.h.  */
| #include <stdio.h>
| #ifdef HAVE_SYS_TYPES_H
| # include <sys/types.h>
| #endif
| #ifdef HAVE_SYS_STAT_H
| # include <sys/stat.h>
| #endif
| #ifdef STDC_HEADERS
| # include <stdlib.h>
| # include <stddef.h>
| #else
| # ifdef HAVE_STDLIB_H
| #  include <stdlib.h>
| # endif
| #endif
| #ifdef HAVE_STRING_H
| # if !defined STDC_HEADERS && defined HAVE_MEMORY_H
| #  include <memory.h>
| # endif
| # include <string.h>
| #endif
| #ifdef HAVE_STRINGS_H
| # include <strings.h>
| #endif
| #ifdef HAVE_INTTYPES_H
| # include <inttypes.h>
| #endif
| #ifdef HAVE_STDINT_H
| # include <stdint.h>
| #endif
| #ifdef HAVE_UNISTD_H
| # include <unistd.h>
| #endif
| int
| main ()
| {
| if (sizeof ((size_t)))
| 	    return 0;
|   ;
|   return 0;
| }
configure:4798: result: yes
configure:4809: checking for ssize_t
configure:4809: gcc -c  -I/root/pktio/dpdk17.08/x86_64-native-linuxapp-gcc/include -I/root/pktio/dpdk17.08/x86_64-native-linuxapp-gcc/include -I/root/pktio/dpdk17.08/x86_64-native-linuxapp-gcc/include  conftest.c >&5
configure:4809: $? = 0
configure:4809: gcc -c  -I/root/pktio/dpdk17.08/x86_64-native-linuxapp-gcc/include -I/root/pktio/dpdk17.08/x86_64-native-linuxapp-gcc/include -I/root/pktio/dpdk17.08/x86_64-native-linuxapp-gcc/include  conftest.c >&5
conftest.c: In function 'main':
conftest.c:64:22: error: expected expression before ')' token
 if (sizeof ((ssize_t)))
                      ^
configure:4809: $? = 1
configure: failed program was:
| /* confdefs.h */
| #define PACKAGE_NAME "macsad"
| #define PACKAGE_TARNAME "macsad"
| #define PACKAGE_VERSION "0.2"
| #define PACKAGE_STRING "macsad 0.2"
| #define PACKAGE_BUGREPORT ""
| #define PACKAGE_URL ""
| #define PACKAGE "macsad"
| #define VERSION "0.2"
| #define HAVE_MALLOC 1
| #define HAVE_MEMSET 1
| #define HAVE_SOCKET 1
| #define STDC_HEADERS 1
| #define HAVE_SYS_TYPES_H 1
| #define HAVE_SYS_STAT_H 1
| #define HAVE_STDLIB_H 1
| #define HAVE_STRING_H 1
| #define HAVE_MEMORY_H 1
| #define HAVE_STRINGS_H 1
| #define HAVE_INTTYPES_H 1
| #define HAVE_STDINT_H 1
| #define HAVE_UNISTD_H 1
| #define HAVE_STDINT_H 1
| #define HAVE_STDLIB_H 1
| #define HAVE__BOOL 1
| #define HAVE_STDBOOL_H 1
| /* end confdefs.h.  */
| #include <stdio.h>
| #ifdef HAVE_SYS_TYPES_H
| # include <sys/types.h>
| #endif
| #ifdef HAVE_SYS_STAT_H
| # include <sys/stat.h>
| #endif
| #ifdef STDC_HEADERS
| # include <stdlib.h>
| # include <stddef.h>
| #else
| # ifdef HAVE_STDLIB_H
| #  include <stdlib.h>
| # endif
| #endif
| #ifdef HAVE_STRING_H
| # if !defined STDC_HEADERS && defined HAVE_MEMORY_H
| #  include <memory.h>
| # endif
| # include <string.h>
| #endif
| #ifdef HAVE_STRINGS_H
| # include <strings.h>
| #endif
| #ifdef HAVE_INTTYPES_H
| # include <inttypes.h>
| #endif
| #ifdef HAVE_STDINT_H
| # include <stdint.h>
| #endif
| #ifdef HAVE_UNISTD_H
| # include <unistd.h>
| #endif
| int
| main ()
| {
| if (sizeof ((ssize_t)))
| 	    return 0;
|   ;
|   return 0;
| }
configure:4809: result: yes
configure:4820: checking for uint8_t
configure:4820: gcc -c  -I/root/pktio/dpdk17.08/x86_64-native-linuxapp-gcc/include -I/root/pktio/dpdk17.08/x86_64-native-linuxapp-gcc/include -I/root/pktio/dpdk17.08/x86_64-native-linuxapp-gcc/include  conftest.c >&5
configure:4820: $? = 0
configure:4820: result: yes
configure:4834: checking for uint16_t
configure:4834: gcc -c  -I/root/pktio/dpdk17.08/x86_64-native-linuxapp-gcc/include -I/root/pktio/dpdk17.08/x86_64-native-linuxapp-gcc/include -I/root/pktio/dpdk17.08/x86_64-native-linuxapp-gcc/include  conftest.c >&5
configure:4834: $? = 0
configure:4834: result: yes
configure:4846: checking for int32_t
configure:4846: gcc -c  -I/root/pktio/dpdk17.08/x86_64-native-linuxapp-gcc/include -I/root/pktio/dpdk17.08/x86_64-native-linuxapp-gcc/include -I/root/pktio/dpdk17.08/x86_64-native-linuxapp-gcc/include  conftest.c >&5
configure:4846: $? = 0
configure:4846: gcc -c  -I/root/pktio/dpdk17.08/x86_64-native-linuxapp-gcc/include -I/root/pktio/dpdk17.08/x86_64-native-linuxapp-gcc/include -I/root/pktio/dpdk17.08/x86_64-native-linuxapp-gcc/include  conftest.c >&5
conftest.c: In function 'main':
conftest.c:66:53: warning: integer overflow in expression [-Woverflow]
    < (int32_t) (((((int32_t) 1 << N) << N) - 1) * 2 + 2))];
                                                     ^
conftest.c:65:12: error: storage size of 'test_array' isn't constant
 static int test_array [1 - 2 * !((int32_t) (((((int32_t) 1 << N) << N) - 1) * 2 + 1)
            ^
configure:4846: $? = 1
configure: failed program was:
| /* confdefs.h */
| #define PACKAGE_NAME "macsad"
| #define PACKAGE_TARNAME "macsad"
| #define PACKAGE_VERSION "0.2"
| #define PACKAGE_STRING "macsad 0.2"
| #define PACKAGE_BUGREPORT ""
| #define PACKAGE_URL ""
| #define PACKAGE "macsad"
| #define VERSION "0.2"
| #define HAVE_MALLOC 1
| #define HAVE_MEMSET 1
| #define HAVE_SOCKET 1
| #define STDC_HEADERS 1
| #define HAVE_SYS_TYPES_H 1
| #define HAVE_SYS_STAT_H 1
| #define HAVE_STDLIB_H 1
| #define HAVE_STRING_H 1
| #define HAVE_MEMORY_H 1
| #define HAVE_STRINGS_H 1
| #define HAVE_INTTYPES_H 1
| #define HAVE_STDINT_H 1
| #define HAVE_UNISTD_H 1
| #define HAVE_STDINT_H 1
| #define HAVE_STDLIB_H 1
| #define HAVE__BOOL 1
| #define HAVE_STDBOOL_H 1
| /* end confdefs.h.  */
| #include <stdio.h>
| #ifdef HAVE_SYS_TYPES_H
| # include <sys/types.h>
| #endif
| #ifdef HAVE_SYS_STAT_H
| # include <sys/stat.h>
| #endif
| #ifdef STDC_HEADERS
| # include <stdlib.h>
| # include <stddef.h>
| #else
| # ifdef HAVE_STDLIB_H
| #  include <stdlib.h>
| # endif
| #endif
| #ifdef HAVE_STRING_H
| # if !defined STDC_HEADERS && defined HAVE_MEMORY_H
| #  include <memory.h>
| # endif
| # include <string.h>
| #endif
| #ifdef HAVE_STRINGS_H
| # include <strings.h>
| #endif
| #ifdef HAVE_INTTYPES_H
| # include <inttypes.h>
| #endif
| #ifdef HAVE_STDINT_H
| # include <stdint.h>
| #endif
| #ifdef HAVE_UNISTD_H
| # include <unistd.h>
| #endif
| 	        enum { N = 32 / 2 - 1 };
| int
| main ()
| {
| static int test_array [1 - 2 * !((int32_t) (((((int32_t) 1 << N) << N) - 1) * 2 + 1)
| 		 < (int32_t) (((((int32_t) 1 << N) << N) - 1) * 2 + 2))];
| test_array [0] = 0;
| return test_array [0];
| 
|   ;
|   return 0;
| }
configure:4846: result: yes
configure:4857: checking for uint32_t
configure:4857: gcc -c  -I/root/pktio/dpdk17.08/x86_64-native-linuxapp-gcc/include -I/root/pktio/dpdk17.08/x86_64-native-linuxapp-gcc/include -I/root/pktio/dpdk17.08/x86_64-native-linuxapp-gcc/include  conftest.c >&5
configure:4857: $? = 0
configure:4857: result: yes
configure:4871: checking for uint64_t
configure:4871: gcc -c  -I/root/pktio/dpdk17.08/x86_64-native-linuxapp-gcc/include -I/root/pktio/dpdk17.08/x86_64-native-linuxapp-gcc/include -I/root/pktio/dpdk17.08/x86_64-native-linuxapp-gcc/include  conftest.c >&5
configure:4871: $? = 0
configure:4871: result: yes
configure:4890: checking for C compiler vendor
configure:4937: gcc -c  -I/root/pktio/dpdk17.08/x86_64-native-linuxapp-gcc/include -I/root/pktio/dpdk17.08/x86_64-native-linuxapp-gcc/include -I/root/pktio/dpdk17.08/x86_64-native-linuxapp-gcc/include  conftest.c >&5
conftest.c: In function 'main':
conftest.c:34:9: error: 'thisisanerror' undeclared (first use in this function)
         thisisanerror;
         ^
conftest.c:34:9: note: each undeclared identifier is reported only once for each function it appears in
configure:4937: $? = 1
configure: failed program was:
| /* confdefs.h */
| #define PACKAGE_NAME "macsad"
| #define PACKAGE_TARNAME "macsad"
| #define PACKAGE_VERSION "0.2"
| #define PACKAGE_STRING "macsad 0.2"
| #define PACKAGE_BUGREPORT ""
| #define PACKAGE_URL ""
| #define PACKAGE "macsad"
| #define VERSION "0.2"
| #define HAVE_MALLOC 1
| #define HAVE_MEMSET 1
| #define HAVE_SOCKET 1
| #define STDC_HEADERS 1
| #define HAVE_SYS_TYPES_H 1
| #define HAVE_SYS_STAT_H 1
| #define HAVE_STDLIB_H 1
| #define HAVE_STRING_H 1
| #define HAVE_MEMORY_H 1
| #define HAVE_STRINGS_H 1
| #define HAVE_INTTYPES_H 1
| #define HAVE_STDINT_H 1
| #define HAVE_UNISTD_H 1
| #define HAVE_STDINT_H 1
| #define HAVE_STDLIB_H 1
| #define HAVE__BOOL 1
| #define HAVE_STDBOOL_H 1
| /* end confdefs.h.  */
| 
| int
| main ()
| {
| 
|       #if !(defined(__ICC) || defined(__ECC) || defined(__INTEL_COMPILER))
|         thisisanerror;
|       #endif
| 
|   ;
|   return 0;
| }
configure:4937: gcc -c  -I/root/pktio/dpdk17.08/x86_64-native-linuxapp-gcc/include -I/root/pktio/dpdk17.08/x86_64-native-linuxapp-gcc/include -I/root/pktio/dpdk17.08/x86_64-native-linuxapp-gcc/include  conftest.c >&5
conftest.c: In function 'main':
conftest.c:34:9: error: 'thisisanerror' undeclared (first use in this function)
         thisisanerror;
         ^
conftest.c:34:9: note: each undeclared identifier is reported only once for each function it appears in
configure:4937: $? = 1
configure: failed program was:
| /* confdefs.h */
| #define PACKAGE_NAME "macsad"
| #define PACKAGE_TARNAME "macsad"
| #define PACKAGE_VERSION "0.2"
| #define PACKAGE_STRING "macsad 0.2"
| #define PACKAGE_BUGREPORT ""
| #define PACKAGE_URL ""
| #define PACKAGE "macsad"
| #define VERSION "0.2"
| #define HAVE_MALLOC 1
| #define HAVE_MEMSET 1
| #define HAVE_SOCKET 1
| #define STDC_HEADERS 1
| #define HAVE_SYS_TYPES_H 1
| #define HAVE_SYS_STAT_H 1
| #define HAVE_STDLIB_H 1
| #define HAVE_STRING_H 1
| #define HAVE_MEMORY_H 1
| #define HAVE_STRINGS_H 1
| #define HAVE_INTTYPES_H 1
| #define HAVE_STDINT_H 1
| #define HAVE_UNISTD_H 1
| #define HAVE_STDINT_H 1
| #define HAVE_STDLIB_H 1
| #define HAVE__BOOL 1
| #define HAVE_STDBOOL_H 1
| /* end confdefs.h.  */
| 
| int
| main ()
| {
| 
|       #if !(defined(__xlc__) || defined(__xlC__) || defined(__IBMC__) || defined(__IBMCPP__))
|         thisisanerror;
|       #endif
| 
|   ;
|   return 0;
| }
configure:4937: gcc -c  -I/root/pktio/dpdk17.08/x86_64-native-linuxapp-gcc/include -I/root/pktio/dpdk17.08/x86_64-native-linuxapp-gcc/include -I/root/pktio/dpdk17.08/x86_64-native-linuxapp-gcc/include  conftest.c >&5
conftest.c: In function 'main':
conftest.c:34:9: error: 'thisisanerror' undeclared (first use in this function)
         thisisanerror;
         ^
conftest.c:34:9: note: each undeclared identifier is reported only once for each function it appears in
configure:4937: $? = 1
configure: failed program was:
| /* confdefs.h */
| #define PACKAGE_NAME "macsad"
| #define PACKAGE_TARNAME "macsad"
| #define PACKAGE_VERSION "0.2"
| #define PACKAGE_STRING "macsad 0.2"
| #define PACKAGE_BUGREPORT ""
| #define PACKAGE_URL ""
| #define PACKAGE "macsad"
| #define VERSION "0.2"
| #define HAVE_MALLOC 1
| #define HAVE_MEMSET 1
| #define HAVE_SOCKET 1
| #define STDC_HEADERS 1
| #define HAVE_SYS_TYPES_H 1
| #define HAVE_SYS_STAT_H 1
| #define HAVE_STDLIB_H 1
| #define HAVE_STRING_H 1
| #define HAVE_MEMORY_H 1
| #define HAVE_STRINGS_H 1
| #define HAVE_INTTYPES_H 1
| #define HAVE_STDINT_H 1
| #define HAVE_UNISTD_H 1
| #define HAVE_STDINT_H 1
| #define HAVE_STDLIB_H 1
| #define HAVE__BOOL 1
| #define HAVE_STDBOOL_H 1
| /* end confdefs.h.  */
| 
| int
| main ()
| {
| 
|       #if !(defined(__PATHCC__) || defined(__PATHSCALE__))
|         thisisanerror;
|       #endif
| 
|   ;
|   return 0;
| }
configure:4937: gcc -c  -I/root/pktio/dpdk17.08/x86_64-native-linuxapp-gcc/include -I/root/pktio/dpdk17.08/x86_64-native-linuxapp-gcc/include -I/root/pktio/dpdk17.08/x86_64-native-linuxapp-gcc/include  conftest.c >&5
conftest.c: In function 'main':
conftest.c:34:9: error: 'thisisanerror' undeclared (first use in this function)
         thisisanerror;
         ^
conftest.c:34:9: note: each undeclared identifier is reported only once for each function it appears in
configure:4937: $? = 1
configure: failed program was:
| /* confdefs.h */
| #define PACKAGE_NAME "macsad"
| #define PACKAGE_TARNAME "macsad"
| #define PACKAGE_VERSION "0.2"
| #define PACKAGE_STRING "macsad 0.2"
| #define PACKAGE_BUGREPORT ""
| #define PACKAGE_URL ""
| #define PACKAGE "macsad"
| #define VERSION "0.2"
| #define HAVE_MALLOC 1
| #define HAVE_MEMSET 1
| #define HAVE_SOCKET 1
| #define STDC_HEADERS 1
| #define HAVE_SYS_TYPES_H 1
| #define HAVE_SYS_STAT_H 1
| #define HAVE_STDLIB_H 1
| #define HAVE_STRING_H 1
| #define HAVE_MEMORY_H 1
| #define HAVE_STRINGS_H 1
| #define HAVE_INTTYPES_H 1
| #define HAVE_STDINT_H 1
| #define HAVE_UNISTD_H 1
| #define HAVE_STDINT_H 1
| #define HAVE_STDLIB_H 1
| #define HAVE__BOOL 1
| #define HAVE_STDBOOL_H 1
| /* end confdefs.h.  */
| 
| int
| main ()
| {
| 
|       #if !(defined(__clang__))
|         thisisanerror;
|       #endif
| 
|   ;
|   return 0;
| }
configure:4937: gcc -c  -I/root/pktio/dpdk17.08/x86_64-native-linuxapp-gcc/include -I/root/pktio/dpdk17.08/x86_64-native-linuxapp-gcc/include -I/root/pktio/dpdk17.08/x86_64-native-linuxapp-gcc/include  conftest.c >&5
conftest.c: In function 'main':
conftest.c:34:9: error: 'thisisanerror' undeclared (first use in this function)
         thisisanerror;
         ^
conftest.c:34:9: note: each undeclared identifier is reported only once for each function it appears in
configure:4937: $? = 1
configure: failed program was:
| /* confdefs.h */
| #define PACKAGE_NAME "macsad"
| #define PACKAGE_TARNAME "macsad"
| #define PACKAGE_VERSION "0.2"
| #define PACKAGE_STRING "macsad 0.2"
| #define PACKAGE_BUGREPORT ""
| #define PACKAGE_URL ""
| #define PACKAGE "macsad"
| #define VERSION "0.2"
| #define HAVE_MALLOC 1
| #define HAVE_MEMSET 1
| #define HAVE_SOCKET 1
| #define STDC_HEADERS 1
| #define HAVE_SYS_TYPES_H 1
| #define HAVE_SYS_STAT_H 1
| #define HAVE_STDLIB_H 1
| #define HAVE_STRING_H 1
| #define HAVE_MEMORY_H 1
| #define HAVE_STRINGS_H 1
| #define HAVE_INTTYPES_H 1
| #define HAVE_STDINT_H 1
| #define HAVE_UNISTD_H 1
| #define HAVE_STDINT_H 1
| #define HAVE_STDLIB_H 1
| #define HAVE__BOOL 1
| #define HAVE_STDBOOL_H 1
| /* end confdefs.h.  */
| 
| int
| main ()
| {
| 
|       #if !(defined(_CRAYC))
|         thisisanerror;
|       #endif
| 
|   ;
|   return 0;
| }
configure:4937: gcc -c  -I/root/pktio/dpdk17.08/x86_64-native-linuxapp-gcc/include -I/root/pktio/dpdk17.08/x86_64-native-linuxapp-gcc/include -I/root/pktio/dpdk17.08/x86_64-native-linuxapp-gcc/include  conftest.c >&5
conftest.c: In function 'main':
conftest.c:34:9: error: 'thisisanerror' undeclared (first use in this function)
         thisisanerror;
         ^
conftest.c:34:9: note: each undeclared identifier is reported only once for each function it appears in
configure:4937: $? = 1
configure: failed program was:
| /* confdefs.h */
| #define PACKAGE_NAME "macsad"
| #define PACKAGE_TARNAME "macsad"
| #define PACKAGE_VERSION "0.2"
| #define PACKAGE_STRING "macsad 0.2"
| #define PACKAGE_BUGREPORT ""
| #define PACKAGE_URL ""
| #define PACKAGE "macsad"
| #define VERSION "0.2"
| #define HAVE_MALLOC 1
| #define HAVE_MEMSET 1
| #define HAVE_SOCKET 1
| #define STDC_HEADERS 1
| #define HAVE_SYS_TYPES_H 1
| #define HAVE_SYS_STAT_H 1
| #define HAVE_STDLIB_H 1
| #define HAVE_STRING_H 1
| #define HAVE_MEMORY_H 1
| #define HAVE_STRINGS_H 1
| #define HAVE_INTTYPES_H 1
| #define HAVE_STDINT_H 1
| #define HAVE_UNISTD_H 1
| #define HAVE_STDINT_H 1
| #define HAVE_STDLIB_H 1
| #define HAVE__BOOL 1
| #define HAVE_STDBOOL_H 1
| /* end confdefs.h.  */
| 
| int
| main ()
| {
| 
|       #if !(defined(__FUJITSU))
|         thisisanerror;
|       #endif
| 
|   ;
|   return 0;
| }
configure:4937: gcc -c  -I/root/pktio/dpdk17.08/x86_64-native-linuxapp-gcc/include -I/root/pktio/dpdk17.08/x86_64-native-linuxapp-gcc/include -I/root/pktio/dpdk17.08/x86_64-native-linuxapp-gcc/include  conftest.c >&5
configure:4937: $? = 0
configure:4945: result: gnu
configure:4948: checking for a sed that does not truncate output
configure:5012: result: /bin/sed
configure:5019: checking for C compiler version
configure:5241: gcc -o conftest  -I/root/pktio/dpdk17.08/x86_64-native-linuxapp-gcc/include -I/root/pktio/dpdk17.08/x86_64-native-linuxapp-gcc/include -I/root/pktio/dpdk17.08/x86_64-native-linuxapp-gcc/include   conftest.c  >&5
configure:5241: $? = 0
configure:5241: ./conftest
configure:5241: $? = 0
configure:5250: gcc -o conftest  -I/root/pktio/dpdk17.08/x86_64-native-linuxapp-gcc/include -I/root/pktio/dpdk17.08/x86_64-native-linuxapp-gcc/include -I/root/pktio/dpdk17.08/x86_64-native-linuxapp-gcc/include   conftest.c  >&5
configure:5250: $? = 0
configure:5250: ./conftest
configure:5250: $? = 0
configure:5259: gcc -o conftest  -I/root/pktio/dpdk17.08/x86_64-native-linuxapp-gcc/include -I/root/pktio/dpdk17.08/x86_64-native-linuxapp-gcc/include -I/root/pktio/dpdk17.08/x86_64-native-linuxapp-gcc/include   conftest.c  >&5
configure:5259: $? = 0
configure:5259: ./conftest
configure:5259: $? = 0
configure:5924: result: 5.4.0
configure:5942: checking whether C compiler accepts -Wstrict-prototypes
configure:5955: gcc -c  -I/root/pktio/dpdk17.08/x86_64-native-linuxapp-gcc/include -I/root/pktio/dpdk17.08/x86_64-native-linuxapp-gcc/include -I/root/pktio/dpdk17.08/x86_64-native-linuxapp-gcc/include -W -Wall -Werror -Wstrict-prototypes  conftest.c >&5
configure:5955: $? = 0
configure:5963: result: yes
configure:5971: checking whether C compiler accepts -Wmissing-prototypes
configure:5984: gcc -c  -I/root/pktio/dpdk17.08/x86_64-native-linuxapp-gcc/include -I/root/pktio/dpdk17.08/x86_64-native-linuxapp-gcc/include -I/root/pktio/dpdk17.08/x86_64-native-linuxapp-gcc/include -W -Wall -Werror -Wmissing-prototypes  conftest.c >&5
configure:5984: $? = 0
configure:5992: result: yes
configure:6000: checking whether C compiler accepts -Wmissing-declarations
configure:6013: gcc -c  -I/root/pktio/dpdk17.08/x86_64-native-linuxapp-gcc/include -I/root/pktio/dpdk17.08/x86_64-native-linuxapp-gcc/include -I/root/pktio/dpdk17.08/x86_64-native-linuxapp-gcc/include -W -Wall -Werror -Wmissing-declarations  conftest.c >&5
configure:6013: $? = 0
configure:6021: result: yes
configure:6029: checking whether C compiler accepts -Wpointer-arith
configure:6042: gcc -c  -I/root/pktio/dpdk17.08/x86_64-native-linuxapp-gcc/include -I/root/pktio/dpdk17.08/x86_64-native-linuxapp-gcc/include -I/root/pktio/dpdk17.08/x86_64-native-linuxapp-gcc/include -W -Wall -Werror -Wpointer-arith  conftest.c >&5
configure:6042: $? = 0
configure:6050: result: yes
configure:6231: checking for pkg-config
configure:6249: found /usr/bin/pkg-config
configure:6261: result: /usr/bin/pkg-config
configure:6286: checking pkg-config is at least version 0.9.0
configure:6289: result: yes
configure:6729: checking for libodp
configure:6736: $PKG_CONFIG --exists --print-errors "libodp-linux = 1.16.0.0"
configure:6739: $? = 0
configure:6753: $PKG_CONFIG --exists --print-errors "libodp-linux = 1.16.0.0"
configure:6756: $? = 0
configure:6814: result: yes
configure:6828: checking for libodphelper
configure:6835: $PKG_CONFIG --exists --print-errors "libodphelper = 1.16.0.0"
configure:6838: $? = 0
configure:6852: $PKG_CONFIG --exists --print-errors "libodphelper = 1.16.0.0"
configure:6855: $? = 0
configure:6913: result: yes
configure:6925: checking build system type
configure:6939: result: x86_64-pc-linux-gnu
configure:6959: checking host system type
configure:6972: result: x86_64-pc-linux-gnu
configure:7104: checking if compiler needs -Werror to reject unknown flags
configure:7120: gcc -c  -I/root/pktio/dpdk17.08/x86_64-native-linuxapp-gcc/include -I/root/pktio/dpdk17.08/x86_64-native-linuxapp-gcc/include -I/root/pktio/dpdk17.08/x86_64-native-linuxapp-gcc/include  -Werror -Wunknown-warning-option -Wsizeof-array-argument  conftest.c >&5
gcc: error: unrecognized command line option '-Wunknown-warning-option'
configure:7120: $? = 1
configure: failed program was:
| /* confdefs.h */
| #define PACKAGE_NAME "macsad"
| #define PACKAGE_TARNAME "macsad"
| #define PACKAGE_VERSION "0.2"
| #define PACKAGE_STRING "macsad 0.2"
| #define PACKAGE_BUGREPORT ""
| #define PACKAGE_URL ""
| #define PACKAGE "macsad"
| #define VERSION "0.2"
| #define HAVE_MALLOC 1
| #define HAVE_MEMSET 1
| #define HAVE_SOCKET 1
| #define STDC_HEADERS 1
| #define HAVE_SYS_TYPES_H 1
| #define HAVE_SYS_STAT_H 1
| #define HAVE_STDLIB_H 1
| #define HAVE_STRING_H 1
| #define HAVE_MEMORY_H 1
| #define HAVE_STRINGS_H 1
| #define HAVE_INTTYPES_H 1
| #define HAVE_STDINT_H 1
| #define HAVE_UNISTD_H 1
| #define HAVE_STDINT_H 1
| #define HAVE_STDLIB_H 1
| #define HAVE__BOOL 1
| #define HAVE_STDBOOL_H 1
| /* end confdefs.h.  */
| int foo(void);
| int
| main ()
| {
| foo()
|   ;
|   return 0;
| }
configure:7125: result: no
configure:7191: checking for the pthreads library -lpthreads
configure:7229: gcc -o conftest  -I/root/pktio/dpdk17.08/x86_64-native-linuxapp-gcc/include -I/root/pktio/dpdk17.08/x86_64-native-linuxapp-gcc/include -I/root/pktio/dpdk17.08/x86_64-native-linuxapp-gcc/include      conftest.c -lpthreads  >&5
/usr/bin/ld: cannot find -lpthreads
collect2: error: ld returned 1 exit status
configure:7229: $? = 1
configure: failed program was:
| /* confdefs.h */
| #define PACKAGE_NAME "macsad"
| #define PACKAGE_TARNAME "macsad"
| #define PACKAGE_VERSION "0.2"
| #define PACKAGE_STRING "macsad 0.2"
| #define PACKAGE_BUGREPORT ""
| #define PACKAGE_URL ""
| #define PACKAGE "macsad"
| #define VERSION "0.2"
| #define HAVE_MALLOC 1
| #define HAVE_MEMSET 1
| #define HAVE_SOCKET 1
| #define STDC_HEADERS 1
| #define HAVE_SYS_TYPES_H 1
| #define HAVE_SYS_STAT_H 1
| #define HAVE_STDLIB_H 1
| #define HAVE_STRING_H 1
| #define HAVE_MEMORY_H 1
| #define HAVE_STRINGS_H 1
| #define HAVE_INTTYPES_H 1
| #define HAVE_STDINT_H 1
| #define HAVE_UNISTD_H 1
| #define HAVE_STDINT_H 1
| #define HAVE_STDLIB_H 1
| #define HAVE__BOOL 1
| #define HAVE_STDBOOL_H 1
| /* end confdefs.h.  */
| #include <pthread.h>
|                         static void routine(void *a) { a = 0; }
|                         static void *start_routine(void *a) { return a; }
| int
| main ()
| {
| pthread_t th; pthread_attr_t attr;
|                         pthread_create(&th, 0, start_routine, 0);
|                         pthread_join(th, 0);
|                         pthread_attr_init(&attr);
|                         pthread_cleanup_push(routine, 0);
|                         pthread_cleanup_pop(0) /* ; */
|   ;
|   return 0;
| }
configure:7238: result: no
configure:7136: checking whether pthreads work without any flags
configure:7229: gcc -o conftest  -I/root/pktio/dpdk17.08/x86_64-native-linuxapp-gcc/include -I/root/pktio/dpdk17.08/x86_64-native-linuxapp-gcc/include -I/root/pktio/dpdk17.08/x86_64-native-linuxapp-gcc/include      conftest.c   >&5
/tmp/ccwFjKy2.o: In function `main':
conftest.c:(.text+0x55): undefined reference to `pthread_create'
conftest.c:(.text+0x69): undefined reference to `pthread_join'
conftest.c:(.text+0xdd): undefined reference to `__pthread_register_cancel'
conftest.c:(.text+0xe9): undefined reference to `__pthread_unregister_cancel'
collect2: error: ld returned 1 exit status
configure:7229: $? = 1
configure: failed program was:
| /* confdefs.h */
| #define PACKAGE_NAME "macsad"
| #define PACKAGE_TARNAME "macsad"
| #define PACKAGE_VERSION "0.2"
| #define PACKAGE_STRING "macsad 0.2"
| #define PACKAGE_BUGREPORT ""
| #define PACKAGE_URL ""
| #define PACKAGE "macsad"
| #define VERSION "0.2"
| #define HAVE_MALLOC 1
| #define HAVE_MEMSET 1
| #define HAVE_SOCKET 1
| #define STDC_HEADERS 1
| #define HAVE_SYS_TYPES_H 1
| #define HAVE_SYS_STAT_H 1
| #define HAVE_STDLIB_H 1
| #define HAVE_STRING_H 1
| #define HAVE_MEMORY_H 1
| #define HAVE_STRINGS_H 1
| #define HAVE_INTTYPES_H 1
| #define HAVE_STDINT_H 1
| #define HAVE_UNISTD_H 1
| #define HAVE_STDINT_H 1
| #define HAVE_STDLIB_H 1
| #define HAVE__BOOL 1
| #define HAVE_STDBOOL_H 1
| /* end confdefs.h.  */
| #include <pthread.h>
|                         static void routine(void *a) { a = 0; }
|                         static void *start_routine(void *a) { return a; }
| int
| main ()
| {
| pthread_t th; pthread_attr_t attr;
|                         pthread_create(&th, 0, start_routine, 0);
|                         pthread_join(th, 0);
|                         pthread_attr_init(&attr);
|                         pthread_cleanup_push(routine, 0);
|                         pthread_cleanup_pop(0) /* ; */
|   ;
|   return 0;
| }
configure:7238: result: no
configure:7141: checking whether pthreads work with -Kthread
configure:7229: gcc -o conftest  -I/root/pktio/dpdk17.08/x86_64-native-linuxapp-gcc/include -I/root/pktio/dpdk17.08/x86_64-native-linuxapp-gcc/include -I/root/pktio/dpdk17.08/x86_64-native-linuxapp-gcc/include  -Kthread    conftest.c   >&5
gcc: error: unrecognized command line option '-Kthread'
configure:7229: $? = 1
configure: failed program was:
| /* confdefs.h */
| #define PACKAGE_NAME "macsad"
| #define PACKAGE_TARNAME "macsad"
| #define PACKAGE_VERSION "0.2"
| #define PACKAGE_STRING "macsad 0.2"
| #define PACKAGE_BUGREPORT ""
| #define PACKAGE_URL ""
| #define PACKAGE "macsad"
| #define VERSION "0.2"
| #define HAVE_MALLOC 1
| #define HAVE_MEMSET 1
| #define HAVE_SOCKET 1
| #define STDC_HEADERS 1
| #define HAVE_SYS_TYPES_H 1
| #define HAVE_SYS_STAT_H 1
| #define HAVE_STDLIB_H 1
| #define HAVE_STRING_H 1
| #define HAVE_MEMORY_H 1
| #define HAVE_STRINGS_H 1
| #define HAVE_INTTYPES_H 1
| #define HAVE_STDINT_H 1
| #define HAVE_UNISTD_H 1
| #define HAVE_STDINT_H 1
| #define HAVE_STDLIB_H 1
| #define HAVE__BOOL 1
| #define HAVE_STDBOOL_H 1
| /* end confdefs.h.  */
| #include <pthread.h>
|                         static void routine(void *a) { a = 0; }
|                         static void *start_routine(void *a) { return a; }
| int
| main ()
| {
| pthread_t th; pthread_attr_t attr;
|                         pthread_create(&th, 0, start_routine, 0);
|                         pthread_join(th, 0);
|                         pthread_attr_init(&attr);
|                         pthread_cleanup_push(routine, 0);
|                         pthread_cleanup_pop(0) /* ; */
|   ;
|   return 0;
| }
configure:7238: result: no
configure:7141: checking whether pthreads work with -kthread
configure:7229: gcc -o conftest  -I/root/pktio/dpdk17.08/x86_64-native-linuxapp-gcc/include -I/root/pktio/dpdk17.08/x86_64-native-linuxapp-gcc/include -I/root/pktio/dpdk17.08/x86_64-native-linuxapp-gcc/include  -kthread    conftest.c   >&5
gcc: error: unrecognized command line option '-kthread'
configure:7229: $? = 1
configure: failed program was:
| /* confdefs.h */
| #define PACKAGE_NAME "macsad"
| #define PACKAGE_TARNAME "macsad"
| #define PACKAGE_VERSION "0.2"
| #define PACKAGE_STRING "macsad 0.2"
| #define PACKAGE_BUGREPORT ""
| #define PACKAGE_URL ""
| #define PACKAGE "macsad"
| #define VERSION "0.2"
| #define HAVE_MALLOC 1
| #define HAVE_MEMSET 1
| #define HAVE_SOCKET 1
| #define STDC_HEADERS 1
| #define HAVE_SYS_TYPES_H 1
| #define HAVE_SYS_STAT_H 1
| #define HAVE_STDLIB_H 1
| #define HAVE_STRING_H 1
| #define HAVE_MEMORY_H 1
| #define HAVE_STRINGS_H 1
| #define HAVE_INTTYPES_H 1
| #define HAVE_STDINT_H 1
| #define HAVE_UNISTD_H 1
| #define HAVE_STDINT_H 1
| #define HAVE_STDLIB_H 1
| #define HAVE__BOOL 1
| #define HAVE_STDBOOL_H 1
| /* end confdefs.h.  */
| #include <pthread.h>
|                         static void routine(void *a) { a = 0; }
|                         static void *start_routine(void *a) { return a; }
| int
| main ()
| {
| pthread_t th; pthread_attr_t attr;
|                         pthread_create(&th, 0, start_routine, 0);
|                         pthread_join(th, 0);
|                         pthread_attr_init(&attr);
|                         pthread_cleanup_push(routine, 0);
|                         pthread_cleanup_pop(0) /* ; */
|   ;
|   return 0;
| }
configure:7238: result: no
configure:7191: checking for the pthreads library -llthread
configure:7229: gcc -o conftest  -I/root/pktio/dpdk17.08/x86_64-native-linuxapp-gcc/include -I/root/pktio/dpdk17.08/x86_64-native-linuxapp-gcc/include -I/root/pktio/dpdk17.08/x86_64-native-linuxapp-gcc/include      conftest.c -llthread  >&5
/usr/bin/ld: cannot find -llthread
collect2: error: ld returned 1 exit status
configure:7229: $? = 1
configure: failed program was:
| /* confdefs.h */
| #define PACKAGE_NAME "macsad"
| #define PACKAGE_TARNAME "macsad"
| #define PACKAGE_VERSION "0.2"
| #define PACKAGE_STRING "macsad 0.2"
| #define PACKAGE_BUGREPORT ""
| #define PACKAGE_URL ""
| #define PACKAGE "macsad"
| #define VERSION "0.2"
| #define HAVE_MALLOC 1
| #define HAVE_MEMSET 1
| #define HAVE_SOCKET 1
| #define STDC_HEADERS 1
| #define HAVE_SYS_TYPES_H 1
| #define HAVE_SYS_STAT_H 1
| #define HAVE_STDLIB_H 1
| #define HAVE_STRING_H 1
| #define HAVE_MEMORY_H 1
| #define HAVE_STRINGS_H 1
| #define HAVE_INTTYPES_H 1
| #define HAVE_STDINT_H 1
| #define HAVE_UNISTD_H 1
| #define HAVE_STDINT_H 1
| #define HAVE_STDLIB_H 1
| #define HAVE__BOOL 1
| #define HAVE_STDBOOL_H 1
| /* end confdefs.h.  */
| #include <pthread.h>
|                         static void routine(void *a) { a = 0; }
|                         static void *start_routine(void *a) { return a; }
| int
| main ()
| {
| pthread_t th; pthread_attr_t attr;
|                         pthread_create(&th, 0, start_routine, 0);
|                         pthread_join(th, 0);
|                         pthread_attr_init(&attr);
|                         pthread_cleanup_push(routine, 0);
|                         pthread_cleanup_pop(0) /* ; */
|   ;
|   return 0;
| }
configure:7238: result: no
configure:7141: checking whether pthreads work with -pthread
configure:7229: gcc -o conftest  -I/root/pktio/dpdk17.08/x86_64-native-linuxapp-gcc/include -I/root/pktio/dpdk17.08/x86_64-native-linuxapp-gcc/include -I/root/pktio/dpdk17.08/x86_64-native-linuxapp-gcc/include  -pthread    conftest.c   >&5
configure:7229: $? = 0
configure:7238: result: yes
configure:7257: checking for joinable pthread attribute
configure:7272: gcc -o conftest  -I/root/pktio/dpdk17.08/x86_64-native-linuxapp-gcc/include -I/root/pktio/dpdk17.08/x86_64-native-linuxapp-gcc/include -I/root/pktio/dpdk17.08/x86_64-native-linuxapp-gcc/include  -pthread   conftest.c   >&5
configure:7272: $? = 0
configure:7278: result: PTHREAD_CREATE_JOINABLE
configure:7288: checking if more special flags are required for pthreads
configure:7303: result: no
configure:7309: checking for PTHREAD_PRIO_INHERIT
configure:7326: gcc -o conftest  -I/root/pktio/dpdk17.08/x86_64-native-linuxapp-gcc/include -I/root/pktio/dpdk17.08/x86_64-native-linuxapp-gcc/include -I/root/pktio/dpdk17.08/x86_64-native-linuxapp-gcc/include  -pthread   conftest.c   >&5
configure:7326: $? = 0
configure:7335: result: yes
configure:7556: checking that generated files are newer than configure
configure:7562: result: done
configure:7601: creating ./config.status

## ---------------------- ##
## Running config.status. ##
## ---------------------- ##

This file was extended by macsad config.status 0.2, which was
generated by GNU Autoconf 2.69.  Invocation command line was

  CONFIG_FILES    = 
  CONFIG_HEADERS  = 
  CONFIG_LINKS    = 
  CONFIG_COMMANDS = 
  $ ./config.status 

on india

config.status:896: creating Makefile
config.status:896: creating config.h
config.status:1077: config.h is unchanged
config.status:1125: executing depfiles commands
configure:8927: result:
    macsad 0.2

    host:           x86_64-pc-linux-gnu
    cc:		        gcc
    cc version:     5.4.0
    cflags:          -I/root/pktio/dpdk17.08/x86_64-native-linuxapp-gcc/include -I/root/pktio/dpdk17.08/x86_64-native-linuxapp-gcc/include -I/root/pktio/dpdk17.08/x86_64-native-linuxapp-gcc/include 
    odp_libs:       -L/root/pktio/odp/build/lib -lodp-linux
    helper_libs:    -L/root/pktio/odp/build/lib -lodphelper
    dpdk_libs:      


## ---------------- ##
## Cache variables. ##
## ---------------- ##

ac_cv_build=x86_64-pc-linux-gnu
ac_cv_c_compiler_gnu=yes
ac_cv_c_inline=inline
ac_cv_c_int32_t=yes
ac_cv_c_uint16_t=yes
ac_cv_c_uint32_t=yes
ac_cv_c_uint64_t=yes
ac_cv_c_uint8_t=yes
ac_cv_env_CC_set=
ac_cv_env_CC_value=
ac_cv_env_CFLAGS_set=set
ac_cv_env_CFLAGS_value=' -I/root/pktio/dpdk17.08/x86_64-native-linuxapp-gcc/include -I/root/pktio/dpdk17.08/x86_64-native-linuxapp-gcc/include -I/root/pktio/dpdk17.08/x86_64-native-linuxapp-gcc/include'
ac_cv_env_CPPFLAGS_set=
ac_cv_env_CPPFLAGS_value=
ac_cv_env_CPP_set=
ac_cv_env_CPP_value=
ac_cv_env_LDFLAGS_set=
ac_cv_env_LDFLAGS_value=
ac_cv_env_LIBS_set=
ac_cv_env_LIBS_value=
ac_cv_env_PKG_CONFIG_LIBDIR_set=
ac_cv_env_PKG_CONFIG_LIBDIR_value=
ac_cv_env_PKG_CONFIG_PATH_set=set
ac_cv_env_PKG_CONFIG_PATH_value=/root/pktio/odp/build/lib/pkgconfig/
ac_cv_env_PKG_CONFIG_set=
ac_cv_env_PKG_CONFIG_value=
ac_cv_env_build_alias_set=
ac_cv_env_build_alias_value=
ac_cv_env_host_alias_set=
ac_cv_env_host_alias_value=
ac_cv_env_libodp_CFLAGS_set=
ac_cv_env_libodp_CFLAGS_value=
ac_cv_env_libodp_LIBS_set=
ac_cv_env_libodp_LIBS_value=
ac_cv_env_libodphelper_CFLAGS_set=
ac_cv_env_libodphelper_CFLAGS_value=
ac_cv_env_libodphelper_LIBS_set=
ac_cv_env_libodphelper_LIBS_value=
ac_cv_env_target_alias_set=
ac_cv_env_target_alias_value=
ac_cv_func_malloc=yes
ac_cv_func_memset=yes
ac_cv_func_socket=yes
ac_cv_header_inttypes_h=yes
ac_cv_header_memory_h=yes
ac_cv_header_stdbool_h=yes
ac_cv_header_stdc=yes
ac_cv_header_stdint_h=yes
ac_cv_header_stdlib_h=yes
ac_cv_header_string_h=yes
ac_cv_header_strings_h=yes
ac_cv_header_sys_stat_h=yes
ac_cv_header_sys_types_h=yes
ac_cv_header_unistd_h=yes
ac_cv_host=x86_64-pc-linux-gnu
ac_cv_objext=o
ac_cv_path_EGREP='/bin/grep -E'
ac_cv_path_GREP=/bin/grep
ac_cv_path_SED=/bin/sed
ac_cv_path_ac_pt_PKG_CONFIG=/usr/bin/pkg-config
ac_cv_path_install='/usr/bin/install -c'
ac_cv_path_mkdir=/bin/mkdir
ac_cv_prog_AWK=gawk
ac_cv_prog_CPP='gcc -E'
ac_cv_prog_ac_ct_CC=gcc
ac_cv_prog_cc_c89=
ac_cv_prog_cc_g=yes
ac_cv_prog_make_make_set=yes
ac_cv_type__Bool=yes
ac_cv_type_size_t=yes
ac_cv_type_ssize_t=yes
am_cv_CC_dependencies_compiler_type=gcc3
am_cv_make_support_nested_variables=yes
am_cv_prog_cc_c_o=yes
ax_cv_PTHREAD_PRIO_INHERIT=yes
ax_cv_c_compiler_vendor=gnu
ax_cv_c_compiler_version=5.4.0
ax_cv_check_cflags__W__Wall__Werror__Wmissing_declarations=yes
ax_cv_check_cflags__W__Wall__Werror__Wmissing_prototypes=yes
ax_cv_check_cflags__W__Wall__Werror__Wpointer_arith=yes
ax_cv_check_cflags__W__Wall__Werror__Wstrict_prototypes=yes
pkg_cv_libodp_CFLAGS=-I/root/pktio/odp/build/include
pkg_cv_libodp_LIBS='-L/root/pktio/odp/build/lib -lodp-linux'
pkg_cv_libodphelper_CFLAGS=-I/root/pktio/odp/build/include
pkg_cv_libodphelper_LIBS='-L/root/pktio/odp/build/lib -lodphelper'

## ----------------- ##
## Output variables. ##
## ----------------- ##

ACLOCAL='${SHELL} /root/Juan/mac16/missing aclocal-1.15'
AMDEPBACKSLASH='\'
AMDEP_FALSE='#'
AMDEP_TRUE=''
AMTAR='$${TAR-tar}'
AM_BACKSLASH='\'
AM_DEFAULT_V='$(AM_DEFAULT_VERBOSITY)'
AM_DEFAULT_VERBOSITY='1'
AM_V='$(V)'
AUTOCONF='${SHELL} /root/Juan/mac16/missing autoconf'
AUTOHEADER='${SHELL} /root/Juan/mac16/missing autoheader'
AUTOMAKE='${SHELL} /root/Juan/mac16/missing automake-1.15'
AWK='gawk'
CC='gcc'
CCDEPMODE='depmode=gcc3'
CFLAGS=' -I/root/pktio/dpdk17.08/x86_64-native-linuxapp-gcc/include -I/root/pktio/dpdk17.08/x86_64-native-linuxapp-gcc/include -I/root/pktio/dpdk17.08/x86_64-native-linuxapp-gcc/include '
CPP='gcc -E'
CPPFLAGS=''
CYGPATH_W='echo'
DEFS='-DHAVE_CONFIG_H'
DEPDIR='.deps'
DPDK_LIBS=''
ECHO_C=''
ECHO_N='-n'
ECHO_T=''
EGREP='/bin/grep -E'
EXEEXT=''
GREP='/bin/grep'
INSTALL_DATA='${INSTALL} -m 644'
INSTALL_PROGRAM='${INSTALL}'
INSTALL_SCRIPT='${INSTALL}'
INSTALL_STRIP_PROGRAM='$(install_sh) -c -s'
LDFLAGS=''
LIBOBJS=''
LIBS=''
LTLIBOBJS=''
MAC_ODPD=''
MAC_ODPD_FALSE=''
MAC_ODPD_TRUE='#'
MAC_ODPN=''
MAC_ODPN_FALSE=''
MAC_ODPN_TRUE='#'
MAC_ODP_DPDK=''
MAC_ODP_DPDK_FALSE=''
MAC_ODP_DPDK_TRUE='#'
MAC_STATIC_FALSE=''
MAC_STATIC_TRUE='#'
MAKEINFO='${SHELL} /root/Juan/mac16/missing makeinfo'
MKDIR_P='/bin/mkdir -p'
OBJEXT='o'
PACKAGE='macsad'
PACKAGE_BUGREPORT=''
PACKAGE_NAME='macsad'
PACKAGE_STRING='macsad 0.2'
PACKAGE_TARNAME='macsad'
PACKAGE_URL=''
PACKAGE_VERSION='0.2'
PATH_SEPARATOR=':'
PKGCONFIG_VERSION='0.2'
PKG_CONFIG='/usr/bin/pkg-config'
PKG_CONFIG_LIBDIR=''
PKG_CONFIG_PATH='/root/pktio/odp/build/lib/pkgconfig/'
PTHREAD_CC='gcc'
PTHREAD_CFLAGS='-pthread'
PTHREAD_LIBS=''
SED='/bin/sed'
SET_MAKE=''
SHELL='/bin/bash'
STRIP=''
VERSION='0.2'
ac_ct_CC='gcc'
am__EXEEXT_FALSE=''
am__EXEEXT_TRUE='#'
am__fastdepCC_FALSE='#'
am__fastdepCC_TRUE=''
am__include='include'
am__isrc=''
am__leading_dot='.'
am__nodep='_no'
am__quote=''
am__tar='$${TAR-tar} chof - "$$tardir"'
am__untar='$${TAR-tar} xf -'
ax_pthread_config=''
bindir='${exec_prefix}/bin'
build='x86_64-pc-linux-gnu'
build_alias=''
build_cpu='x86_64'
build_os='linux-gnu'
build_vendor='pc'
datadir='${datarootdir}'
datarootdir='${prefix}/share'
docdir='${datarootdir}/doc/${PACKAGE_TARNAME}'
dvidir='${docdir}'
exec_prefix='${prefix}'
host='x86_64-pc-linux-gnu'
host_alias=''
host_cpu='x86_64'
host_os='linux-gnu'
host_vendor='pc'
htmldir='${docdir}'
includedir='${prefix}/include'
infodir='${datarootdir}/info'
install_sh='${SHELL} /root/Juan/mac16/install-sh'
libdir='${exec_prefix}/lib'
libexecdir='${exec_prefix}/libexec'
libodp_CFLAGS='-I/root/pktio/odp/build/include'
libodp_LIBS='-L/root/pktio/odp/build/lib -lodp-linux'
libodphelper_CFLAGS='-I/root/pktio/odp/build/include'
libodphelper_LIBS='-L/root/pktio/odp/build/lib -lodphelper'
localedir='${datarootdir}/locale'
localstatedir='${prefix}/var'
mandir='${datarootdir}/man'
mkdir_p='$(MKDIR_P)'
oldincludedir='/usr/include'
pdfdir='${docdir}'
prefix='/usr/local'
program_transform_name='s,x,x,'
psdir='${docdir}'
runstatedir='${localstatedir}/run'
sbindir='${exec_prefix}/sbin'
sharedstatedir='${prefix}/com'
sysconfdir='${prefix}/etc'
target_alias=''

## ----------- ##
## confdefs.h. ##
## ----------- ##

/* confdefs.h */
#define PACKAGE_NAME "macsad"
#define PACKAGE_TARNAME "macsad"
#define PACKAGE_VERSION "0.2"
#define PACKAGE_STRING "macsad 0.2"
#define PACKAGE_BUGREPORT ""
#define PACKAGE_URL ""
#define PACKAGE "macsad"
#define VERSION "0.2"
#define HAVE_MALLOC 1
#define HAVE_MEMSET 1
#define HAVE_SOCKET 1
#define STDC_HEADERS 1
#define HAVE_SYS_TYPES_H 1
#define HAVE_SYS_STAT_H 1
#define HAVE_STDLIB_H 1
#define HAVE_STRING_H 1
#define HAVE_MEMORY_H 1
#define HAVE_STRINGS_H 1
#define HAVE_INTTYPES_H 1
#define HAVE_STDINT_H 1
#define HAVE_UNISTD_H 1
#define HAVE_STDINT_H 1
#define HAVE_STDLIB_H 1
#define HAVE__BOOL 1
#define HAVE_STDBOOL_H 1
#define HAVE_PTHREAD_PRIO_INHERIT 1
#define HAVE_PTHREAD 1

configure: exit 0
